<?xml version="1.0" encoding="UTF-8"?>
<testsuite xmlns:xsi="http://www.w3.org/2001/XMLSchema-instance" xsi:noNamespaceSchemaLocation="https://maven.apache.org/surefire/maven-surefire-plugin/xsd/surefire-test-report.xsd" name="com.mycompany.app.AppTest" time="0.068" tests="1" errors="0" skipped="0" failures="0">
  <properties>
    <property name="sun.desktop" value="windows"/>
    <property name="awt.toolkit" value="sun.awt.windows.WToolkit"/>
    <property name="file.encoding.pkg" value="sun.io"/>
    <property name="java.specification.version" value="1.8"/>
    <property name="sun.cpu.isalist" value="amd64"/>
    <property name="sun.jnu.encoding" value="Cp1252"/>
    <property name="java.class.path" value="C:\Users\arian\Documents\Notes\road-dist-optimiser\jsprit\my-app\target\test-classes;C:\Users\arian\Documents\Notes\road-dist-optimiser\jsprit\my-app\target\classes;C:\Users\arian\.m2\repository\com\graphhopper\jsprit-core\1.7.2\jsprit-core-1.7.2.jar;C:\Users\arian\.m2\repository\org\apache\commons\commons-math3\3.4\commons-math3-3.4.jar;C:\Users\arian\.m2\repository\org\slf4j\slf4j-api\1.7.21\slf4j-api-1.7.21.jar;C:\Users\arian\.m2\repository\com\graphhopper\jsprit-io\1.7.2\jsprit-io-1.7.2.jar;C:\Users\arian\.m2\repository\commons-configuration\commons-configuration\1.9\commons-configuration-1.9.jar;C:\Users\arian\.m2\repository\commons-lang\commons-lang\2.6\commons-lang-2.6.jar;C:\Users\arian\.m2\repository\commons-logging\commons-logging\1.1.1\commons-logging-1.1.1.jar;C:\Users\arian\.m2\repository\xerces\xercesImpl\2.11.0\xercesImpl-2.11.0.jar;C:\Users\arian\.m2\repository\xml-apis\xml-apis\1.4.01\xml-apis-1.4.01.jar;C:\Users\arian\.m2\repository\com\graphhopper\jsprit-analysis\1.7.2\jsprit-analysis-1.7.2.jar;C:\Users\arian\.m2\repository\org\jfree\jfreechart\1.0.19\jfreechart-1.0.19.jar;C:\Users\arian\.m2\repository\org\jfree\jcommon\1.0.23\jcommon-1.0.23.jar;C:\Users\arian\.m2\repository\org\graphstream\gs-core\1.3\gs-core-1.3.jar;C:\Users\arian\.m2\repository\junit\junit\4.12\junit-4.12.jar;C:\Users\arian\.m2\repository\org\hamcrest\hamcrest-core\1.3\hamcrest-core-1.3.jar;C:\Users\arian\.m2\repository\org\graphstream\pherd\1.0\pherd-1.0.jar;C:\Users\arian\.m2\repository\org\graphstream\mbox2\1.0\mbox2-1.0.jar;C:\Users\arian\.m2\repository\org\graphstream\gs-ui\1.3\gs-ui-1.3.jar;C:\Users\arian\.m2\repository\org\graphstream\gs-algo\1.3\gs-algo-1.3.jar;C:\Users\arian\.m2\repository\org\apache\commons\commons-math\2.1\commons-math-2.1.jar;C:\Users\arian\.m2\repository\org\scala-lang\scala-library\2.10.1\scala-library-2.10.1.jar;"/>
    <property name="java.vm.vendor" value="Oracle Corporation"/>
    <property name="sun.arch.data.model" value="64"/>
    <property name="user.variant" value=""/>
    <property name="java.vendor.url" value="http://java.oracle.com/"/>
    <property name="user.timezone" value="Asia/Shanghai"/>
    <property name="java.vm.specification.version" value="1.8"/>
    <property name="os.name" value="Windows 10"/>
    <property name="user.country" value="US"/>
    <property name="sun.java.launcher" value="SUN_STANDARD"/>
    <property name="sun.boot.library.path" value="C:\Program Files\Java\jdk1.8.0_191\jre\bin"/>
    <property name="sun.java.command" value="C:\Users\arian\AppData\Local\Temp\surefire6151042502278729698\surefirebooter1955401827407968674.jar C:\Users\arian\AppData\Local\Temp\surefire6151042502278729698 2019-05-12T23-40-32_467-jvmRun1 surefire726175587323900670tmp surefire_07730105131181116797tmp"/>
    <property name="surefire.test.class.path" value="C:\Users\arian\Documents\Notes\road-dist-optimiser\jsprit\my-app\target\test-classes;C:\Users\arian\Documents\Notes\road-dist-optimiser\jsprit\my-app\target\classes;C:\Users\arian\.m2\repository\com\graphhopper\jsprit-core\1.7.2\jsprit-core-1.7.2.jar;C:\Users\arian\.m2\repository\org\apache\commons\commons-math3\3.4\commons-math3-3.4.jar;C:\Users\arian\.m2\repository\org\slf4j\slf4j-api\1.7.21\slf4j-api-1.7.21.jar;C:\Users\arian\.m2\repository\com\graphhopper\jsprit-io\1.7.2\jsprit-io-1.7.2.jar;C:\Users\arian\.m2\repository\commons-configuration\commons-configuration\1.9\commons-configuration-1.9.jar;C:\Users\arian\.m2\repository\commons-lang\commons-lang\2.6\commons-lang-2.6.jar;C:\Users\arian\.m2\repository\commons-logging\commons-logging\1.1.1\commons-logging-1.1.1.jar;C:\Users\arian\.m2\repository\xerces\xercesImpl\2.11.0\xercesImpl-2.11.0.jar;C:\Users\arian\.m2\repository\xml-apis\xml-apis\1.4.01\xml-apis-1.4.01.jar;C:\Users\arian\.m2\repository\com\graphhopper\jsprit-analysis\1.7.2\jsprit-analysis-1.7.2.jar;C:\Users\arian\.m2\repository\org\jfree\jfreechart\1.0.19\jfreechart-1.0.19.jar;C:\Users\arian\.m2\repository\org\jfree\jcommon\1.0.23\jcommon-1.0.23.jar;C:\Users\arian\.m2\repository\org\graphstream\gs-core\1.3\gs-core-1.3.jar;C:\Users\arian\.m2\repository\junit\junit\4.12\junit-4.12.jar;C:\Users\arian\.m2\repository\org\hamcrest\hamcrest-core\1.3\hamcrest-core-1.3.jar;C:\Users\arian\.m2\repository\org\graphstream\pherd\1.0\pherd-1.0.jar;C:\Users\arian\.m2\repository\org\graphstream\mbox2\1.0\mbox2-1.0.jar;C:\Users\arian\.m2\repository\org\graphstream\gs-ui\1.3\gs-ui-1.3.jar;C:\Users\arian\.m2\repository\org\graphstream\gs-algo\1.3\gs-algo-1.3.jar;C:\Users\arian\.m2\repository\org\apache\commons\commons-math\2.1\commons-math-2.1.jar;C:\Users\arian\.m2\repository\org\scala-lang\scala-library\2.10.1\scala-library-2.10.1.jar;"/>
    <property name="sun.cpu.endian" value="little"/>
    <property name="user.home" value="C:\Users\arian"/>
    <property name="user.language" value="en"/>
    <property name="java.specification.vendor" value="Oracle Corporation"/>
    <property name="java.home" value="C:\Program Files\Java\jdk1.8.0_191\jre"/>
    <property name="basedir" value="C:\Users\arian\Documents\Notes\road-dist-optimiser\jsprit\my-app"/>
    <property name="file.separator" value="\"/>
    <property name="line.separator" value="&#10;"/>
    <property name="java.vm.specification.vendor" value="Oracle Corporation"/>
    <property name="java.specification.name" value="Java Platform API Specification"/>
    <property name="java.awt.graphicsenv" value="sun.awt.Win32GraphicsEnvironment"/>
    <property name="surefire.real.class.path" value="C:\Users\arian\AppData\Local\Temp\surefire6151042502278729698\surefirebooter1955401827407968674.jar"/>
    <property name="sun.boot.class.path" value="C:\Program Files\Java\jdk1.8.0_191\jre\lib\resources.jar;C:\Program Files\Java\jdk1.8.0_191\jre\lib\rt.jar;C:\Program Files\Java\jdk1.8.0_191\jre\lib\sunrsasign.jar;C:\Program Files\Java\jdk1.8.0_191\jre\lib\jsse.jar;C:\Program Files\Java\jdk1.8.0_191\jre\lib\jce.jar;C:\Program Files\Java\jdk1.8.0_191\jre\lib\charsets.jar;C:\Program Files\Java\jdk1.8.0_191\jre\lib\jfr.jar;C:\Program Files\Java\jdk1.8.0_191\jre\classes"/>
    <property name="user.script" value=""/>
    <property name="sun.management.compiler" value="HotSpot 64-Bit Tiered Compilers"/>
    <property name="java.runtime.version" value="1.8.0_191-b12"/>
    <property name="user.name" value="arian"/>
    <property name="path.separator" value=";"/>
    <property name="os.version" value="10.0"/>
    <property name="java.endorsed.dirs" value="C:\Program Files\Java\jdk1.8.0_191\jre\lib\endorsed"/>
    <property name="java.runtime.name" value="Java(TM) SE Runtime Environment"/>
    <property name="file.encoding" value="Cp1252"/>
    <property name="java.vm.name" value="Java HotSpot(TM) 64-Bit Server VM"/>
    <property name="localRepository" value="C:\Users\arian\.m2\repository"/>
    <property name="java.vendor.url.bug" value="http://bugreport.sun.com/bugreport/"/>
    <property name="java.io.tmpdir" value="C:\Users\arian\AppData\Local\Temp\"/>
    <property name="java.version" value="1.8.0_191"/>
    <property name="user.dir" value="C:\Users\arian\Documents\Notes\road-dist-optimiser\jsprit\my-app"/>
    <property name="os.arch" value="amd64"/>
    <property name="java.vm.specification.name" value="Java Virtual Machine Specification"/>
    <property name="java.awt.printerjob" value="sun.awt.windows.WPrinterJob"/>
    <property name="sun.os.patch.level" value=""/>
    <property name="java.library.path" value="C:\Program Files\Java\jdk1.8.0_191\jre\bin;C:\WINDOWS\Sun\Java\bin;C:\WINDOWS\system32;C:\WINDOWS;C:\ProgramData\Boxstarter;C:\Program Files (x86)\Common Files\Oracle\Java\javapath;C:\Users\arian\AppData\Local\Programs\Python\Python27\;C:\Users\arian\AppData\Local\Programs\Python\Python27\Scripts;C:\WINDOWS\system32;C:\WINDOWS;C:\WINDOWS\System32\Wbem;C:\WINDOWS\System32\WindowsPowerShell\v1.0\;C:\WINDOWS\System32\OpenSSH\;C:\Program Files\Intel\WiFi\bin\;C:\Program Files\Common Files\Intel\WirelessCommon\;C:\Program Files (x86)\PuTTY\;C:\Program Files (x86)\Git\cmd;C:\Program Files (x86)\nodejs\;C:\ProgramData\chocolatey\bin;C:\Python27;C:\Program Files (x86)\Intel\Intel(R) Management Engine Components\DAL;C:\Program Files\Intel\Intel(R) Management Engine Components\DAL;C:\Program Files (x86)\Gow\bin;C:\Program Files\Amazon\AWSCLI\bin\;C:\Program Files (x86)\Calibre2\;C:\Users\arian\AppData\Local\Programs\Python\Python36\Scripts\;C:\Users\arian\AppData\Local\Programs\Python\Python36\;C:\Users\arian\AppData\Local\Programs\Python\Launcher\;C:\Users\arian\AppData\Local\Microsoft\WindowsApps;C:\Program Files (x86)\heroku\bin;C:\Program Files (x86)\PostgreSQL\11\bin;C:\Program Files\Java\jdk1.8.0_191\bin;C:\Users\arian\AppData\Roaming\npm;C:\Users\arian\AppData\Local\Google\Cloud SDK\google-cloud-sdk\bin;C:\Users\arian\.mujoco\mjpro150\bin;C:\Program Files\Amazon\AWSCLI\bin;C:\Program Files\Apache\Maven\apache-maven-3.6.1\bin;;."/>
    <property name="java.vm.info" value="mixed mode"/>
    <property name="java.vendor" value="Oracle Corporation"/>
    <property name="java.vm.version" value="25.191-b12"/>
    <property name="java.ext.dirs" value="C:\Program Files\Java\jdk1.8.0_191\jre\lib\ext;C:\WINDOWS\Sun\Java\lib\ext"/>
    <property name="sun.io.unicode.encoding" value="UnicodeLittle"/>
    <property name="java.class.version" value="52.0"/>
  </properties>
  <testcase name="shouldAnswerWithTrue" classname="com.mycompany.app.AppTest" time="0.003"/>
</testsuite>